<?xml version="1.0" encoding="UTF-8"?>
<!-- Generated by org.testng.reporters.JUnitReportReporter -->
<testsuite skipped="0" hostname="NDTSB06" name="testCases.NewTest" tests="1" failures="0" timestamp="08 Feb 2018 12:23:38 GMT" time="28.922" errors="0">
  <testcase name="selectFadedTshirt" time="28.922" classname="testCases.NewTest"/>
</testsuite> <!-- testCases.NewTest -->
